<?xml version="1.0" encoding="UTF-8"?>
<!-- Generated by org.testng.reporters.JUnitReportReporter -->
<testsuite hostname="DESKTOP-9PPQG2U" failures="0" tests="3" name="testNG.TestCase03" time="60.110" errors="0" timestamp="2021-10-28T11:14:57 IST" skipped="0">
  <testcase classname="testNG.TestCase03" name="demo2" time="20.582"/>
  <system-out/>
  <testcase classname="testNG.TestCase03" name="demo2" time="19.143"/>
  <system-out/>
  <testcase classname="testNG.TestCase03" name="demo2" time="20.385"/>
  <system-out/>
</testsuite> <!-- testNG.TestCase03 -->
