<?xml version="1.0" encoding="UTF-8"?>
<!-- Generated by org.testng.reporters.JUnitReportReporter -->
<testsuite hostname="DESKTOP-9PPQG2U" failures="0" tests="1" name="testNG.TestCase08" time="0.014" errors="0" timestamp="2021-10-28T11:41:50 IST" skipped="0">
  <testcase classname="testNG.TestCase08" name="login" time="0.014"/>
  <system-out>
    <![CDATA[its a reproter class
its a reproter class]]>
  </system-out>
</testsuite> <!-- testNG.TestCase08 -->
