<?xml version="1.0" encoding="UTF-8"?>
<!-- Generated by org.testng.reporters.JUnitReportReporter -->
<testsuite hostname="DESKTOP-9PPQG2U" failures="0" tests="1" name="testNG.TestCase_ParallelExecution_DISTRIBUTED" time="4.753" errors="0" timestamp="2021-10-29T11:22:35 IST" skipped="0">
  <testcase classname="testNG.TestCase_ParallelExecution_DISTRIBUTED" name="amazon" time="4.753"/>
  <system-out/>
</testsuite> <!-- testNG.TestCase_ParallelExecution_DISTRIBUTED -->
