<?xml version="1.0" encoding="UTF-8"?>
<!-- Generated by org.testng.reporters.JUnitReportReporter -->
<testsuite hostname="DESKTOP-9PPQG2U" failures="0" tests="1" name="testNG.TestCase01" time="0.013" errors="0" timestamp="2021-10-28T10:25:28 IST" skipped="0">
  <testcase classname="testNG.TestCase01" name="login" time="0.013"/>
  <system-out/>
</testsuite> <!-- testNG.TestCase01 -->
