<?xml version="1.0" encoding="UTF-8"?>
<!-- Generated by org.testng.reporters.JUnitReportReporter -->
<testsuite hostname="DESKTOP-9PPQG2U" failures="0" tests="1" name="testNG.TestCase_ParallelExecution_DISTRIBUTED_meesho" time="5.280" errors="0" timestamp="2021-10-29T11:26:02 IST" skipped="0">
  <testcase classname="testNG.TestCase_ParallelExecution_DISTRIBUTED_meesho" name="amazon" time="5.280"/>
  <system-out/>
</testsuite> <!-- testNG.TestCase_ParallelExecution_DISTRIBUTED_meesho -->
