<?xml version="1.0" encoding="UTF-8"?>
<!-- Generated by org.testng.reporters.JUnitReportReporter -->
<testsuite hostname="DESKTOP-9PPQG2U" failures="0" tests="2" name="testNG.TestCase07" time="0.014" errors="0" timestamp="2021-10-28T11:35:39 IST" skipped="1">
  <testcase classname="testNG.TestCase07" name="demo2" time="0.014"/>
  <system-out/>
  <testcase classname="testNG.TestCase07" name="demo">
    <skipped/>
  </testcase> <!-- demo -->
  <system-out/>
</testsuite> <!-- testNG.TestCase07 -->
