<?xml version="1.0" encoding="UTF-8"?>
<!-- Generated by org.testng.reporters.JUnitReportReporter -->
<testsuite hostname="DESKTOP-9PPQG2U" failures="0" tests="4" name="testNG.TestCase05" time="0.017" errors="0" timestamp="2021-10-28T11:18:00 IST" skipped="0">
  <testcase classname="testNG.TestCase05" name="b1" time="0.003"/>
  <system-out/>
  <testcase classname="testNG.TestCase05" name="d1" time="0.002"/>
  <system-out/>
  <testcase classname="testNG.TestCase05" name="a1" time="0.010"/>
  <system-out/>
  <testcase classname="testNG.TestCase05" name="c1" time="0.002"/>
  <system-out/>
</testsuite> <!-- testNG.TestCase05 -->
