<?xml version="1.0" encoding="UTF-8"?>
<!-- Generated by org.testng.reporters.JUnitReportReporter -->
<testsuite hostname="DESKTOP-9PPQG2U" failures="0" tests="1" name="testNG.Demo" time="0.016" errors="0" timestamp="2021-10-27T11:57:56 IST" skipped="0">
  <testcase classname="testNG.Demo" name="add" time="0.016"/>
  <system-out/>
</testsuite> <!-- testNG.Demo -->
