<?xml version="1.0" encoding="UTF-8"?>
<!-- Generated by org.testng.reporters.JUnitReportReporter -->
<testsuite hostname="DESKTOP-9PPQG2U" failures="0" tests="2" name="testNG.TestCase10" time="43.696" errors="0" timestamp="2021-10-28T12:15:18 IST" skipped="0">
  <testcase classname="testNG.TestCase10" name="loginDemo" time="21.601"/>
  <system-out/>
  <testcase classname="testNG.TestCase10" name="loginDemo" time="22.095"/>
  <system-out/>
</testsuite> <!-- testNG.TestCase10 -->
