<?xml version="1.0" encoding="UTF-8"?>
<!-- Generated by org.testng.reporters.JUnitReportReporter -->
<testsuite hostname="DESKTOP-9PPQG2U" failures="0" tests="2" name="testNG.TestCase11" time="51.642" errors="0" timestamp="2021-10-28T12:19:26 IST" skipped="0">
  <testcase classname="testNG.TestCase11" name="loginDemo" time="25.239"/>
  <system-out/>
  <testcase classname="testNG.TestCase11" name="loginDemo" time="26.403"/>
  <system-out/>
</testsuite> <!-- testNG.TestCase11 -->
