<?xml version="1.0" encoding="UTF-8"?>
<!-- Generated by org.testng.reporters.JUnitReportReporter -->
<testsuite hostname="DESKTOP-9PPQG2U" failures="0" tests="1" name="testNG.TestCase_Group_Execution" time="0.013" errors="0" timestamp="2021-10-29T10:48:14 IST" skipped="0">
  <testcase classname="testNG.TestCase_Group_Execution" name="sample1" time="0.013"/>
  <system-out/>
</testsuite> <!-- testNG.TestCase_Group_Execution -->
