<?xml version="1.0" encoding="UTF-8"?>
<!-- Generated by org.testng.reporters.JUnitReportReporter -->
<testsuite hostname="DESKTOP-9PPQG2U" failures="0" tests="1" name="testNG.TestCase_Data_Driven_Testing_In_XMLFILE" time="24.314" errors="0" timestamp="2021-10-29T10:24:40 IST" skipped="0">
  <testcase classname="testNG.TestCase_Data_Driven_Testing_In_XMLFILE" name="demo2" time="24.314"/>
  <system-out/>
</testsuite> <!-- testNG.TestCase_Data_Driven_Testing_In_XMLFILE -->
